TN:
SF:/Users/luismiguelmendes/Desktop/xpfarm/mumbling2/src/app.js
FNF:0
FNH:0
DA:1,1
DA:2,1
DA:4,1
DA:5,1
DA:6,1
DA:8,1
LF:6
LH:6
BRF:0
BRH:0
end_of_record
TN:
SF:/Users/luismiguelmendes/Desktop/xpfarm/mumbling2/src/mumble.js
FN:1,(anonymous_0)
FN:5,(anonymous_1)
FN:6,(anonymous_2)
FN:11,(anonymous_3)
FN:15,(anonymous_4)
FN:19,(anonymous_5)
FNF:6
FNH:6
FNDA:5,(anonymous_0)
FNDA:5,(anonymous_1)
FNDA:24,(anonymous_2)
FNDA:5,(anonymous_3)
FNDA:10,(anonymous_4)
FNDA:7,(anonymous_5)
DA:1,3
DA:2,5
DA:5,3
DA:6,5
DA:7,24
DA:11,3
DA:12,5
DA:15,3
DA:16,10
DA:19,3
DA:20,7
DA:21,7
DA:26,3
LF:13
LH:13
BRDA:16,0,0,4
BRDA:16,0,1,6
BRDA:21,1,0,3
BRDA:21,1,1,4
BRF:4
BRH:4
end_of_record
TN:
SF:/Users/luismiguelmendes/Desktop/xpfarm/mumbling2/src/routes/mumbling.js
FN:6,(anonymous_0)
FNF:1
FNH:1
FNDA:1,(anonymous_0)
DA:1,1
DA:2,1
DA:4,1
DA:6,1
DA:7,1
DA:8,1
DA:9,1
DA:11,0
DA:23,1
LF:9
LH:8
BRF:0
BRH:0
end_of_record
